⚠️ Could not establish ngrok tunnel: failed to connect session: We do not allow agents to connect to ngrok from your IP address (154.100.9.218). error_code: ERR_NGROK_9040
❌ Error in Payment Verifier: Error: Table 'test4_atc (3).courses_reg' doesn't exist
    at runPaymentVerifier (E:\CRM\crm-api\jobs.js:122:40)
    at Timeout._onTimeout (E:\CRM\crm-api\jobs.js:18:19)
    at listOnTimeout (node:internal/timers:588:17)
    at process.processTimers (node:internal/timers:523:7) {
  code: 'ER_NO_SUCH_TABLE',
  errno: 1146,
  sqlState: '42S02',
  sqlMessage: "Table 'test4_atc (3).courses_reg' doesn't exist",
  sql: '\n' +
    '        SELECT \n' +
    '          cr.id as course_reg_id,\n' +
    '          cr.student_id,\n' +
    '          cr.running_course_id,\n' +
    '          rc.start_time as course_start_time,\n' +
    '          rc.finish_time as course_finish_time,\n' +
    '          u.id as user_id,\n' +
    '          l.id as lead_id,\n' +
    '          t.id as ticket_id,\n' +
    '          lsp.platform_user_id,\n' +
    '          c.name as course_name\n' +
    '        FROM courses_reg cr\n' +
    '        JOIN users u ON cr.student_id = u.id\n' +
    '        JOIN running_courses rc ON cr.running_course_id = rc.id\n' +
    '        JOIN courses c ON rc.course_id = c.id\n' +
    '        JOIN crm_leads l ON u.id = l.user_id_fk\n' +
    '        JOIN crm_lead_social_profiles lsp ON l.id = lsp.crm_lead_id\n' +
    '        JOIN crm_tickets t ON l.id = t.crm_lead_id\n' +
    '        LEFT JOIN crm_sales_ticket_levels sl ON t.sales_level_id = sl.id\n' +
    '        WHERE cr.can_attend = 1\n' +
    "          AND (sl.code IS NULL OR sl.code = 'PRE_SALE')\n" +
    '          AND t.closed = 0\n' +
    '          AND t.running_program_id = cr.running_course_id\n' +
    '        LIMIT 20\n' +
    '    '
}
❌ Error in Payment Verifier: Error: Table 'test4_atc (3).courses_reg' doesn't exist
    at runPaymentVerifier (E:\CRM\crm-api\jobs.js:122:40)
    at Timeout._onTimeout (E:\CRM\crm-api\jobs.js:18:19)
    at listOnTimeout (node:internal/timers:588:17)
    at process.processTimers (node:internal/timers:523:7) {
  code: 'ER_NO_SUCH_TABLE',
  errno: 1146,
  sqlState: '42S02',
  sqlMessage: "Table 'test4_atc (3).courses_reg' doesn't exist",
  sql: '\n' +
    '        SELECT \n' +
    '          cr.id as course_reg_id,\n' +
    '          cr.student_id,\n' +
    '          cr.running_course_id,\n' +
    '          rc.start_time as course_start_time,\n' +
    '          rc.finish_time as course_finish_time,\n' +
    '          u.id as user_id,\n' +
    '          l.id as lead_id,\n' +
    '          t.id as ticket_id,\n' +
    '          lsp.platform_user_id,\n' +
    '          c.name as course_name\n' +
    '        FROM courses_reg cr\n' +
    '        JOIN users u ON cr.student_id = u.id\n' +
    '        JOIN running_courses rc ON cr.running_course_id = rc.id\n' +
    '        JOIN courses c ON rc.course_id = c.id\n' +
    '        JOIN crm_leads l ON u.id = l.user_id_fk\n' +
    '        JOIN crm_lead_social_profiles lsp ON l.id = lsp.crm_lead_id\n' +
    '        JOIN crm_tickets t ON l.id = t.crm_lead_id\n' +
    '        LEFT JOIN crm_sales_ticket_levels sl ON t.sales_level_id = sl.id\n' +
    '        WHERE cr.can_attend = 1\n' +
    "          AND (sl.code IS NULL OR sl.code = 'PRE_SALE')\n" +
    '          AND t.closed = 0\n' +
    '          AND t.running_program_id = cr.running_course_id\n' +
    '        LIMIT 20\n' +
    '    '
}
❌ Error in Payment Verifier: Error: Table 'test4_atc (3).courses_reg' doesn't exist
    at runPaymentVerifier (E:\CRM\crm-api\jobs.js:122:40)
    at Timeout._onTimeout (E:\CRM\crm-api\jobs.js:18:19)
    at listOnTimeout (node:internal/timers:588:17)
    at process.processTimers (node:internal/timers:523:7) {
  code: 'ER_NO_SUCH_TABLE',
  errno: 1146,
  sqlState: '42S02',
  sqlMessage: "Table 'test4_atc (3).courses_reg' doesn't exist",
  sql: '\n' +
    '        SELECT \n' +
    '          cr.id as course_reg_id,\n' +
    '          cr.student_id,\n' +
    '          cr.running_course_id,\n' +
    '          rc.start_time as course_start_time,\n' +
    '          rc.finish_time as course_finish_time,\n' +
    '          u.id as user_id,\n' +
    '          l.id as lead_id,\n' +
    '          t.id as ticket_id,\n' +
    '          lsp.platform_user_id,\n' +
    '          c.name as course_name\n' +
    '        FROM courses_reg cr\n' +
    '        JOIN users u ON cr.student_id = u.id\n' +
    '        JOIN running_courses rc ON cr.running_course_id = rc.id\n' +
    '        JOIN courses c ON rc.course_id = c.id\n' +
    '        JOIN crm_leads l ON u.id = l.user_id_fk\n' +
    '        JOIN crm_lead_social_profiles lsp ON l.id = lsp.crm_lead_id\n' +
    '        JOIN crm_tickets t ON l.id = t.crm_lead_id\n' +
    '        LEFT JOIN crm_sales_ticket_levels sl ON t.sales_level_id = sl.id\n' +
    '        WHERE cr.can_attend = 1\n' +
    "          AND (sl.code IS NULL OR sl.code = 'PRE_SALE')\n" +
    '          AND t.closed = 0\n' +
    '          AND t.running_program_id = cr.running_course_id\n' +
    '        LIMIT 20\n' +
    '    '
}
❌ Error in Payment Verifier: Error: Table 'test4_atc (3).courses_reg' doesn't exist
    at runPaymentVerifier (E:\CRM\crm-api\jobs.js:122:40)
    at Timeout._onTimeout (E:\CRM\crm-api\jobs.js:18:19)
    at listOnTimeout (node:internal/timers:588:17)
    at process.processTimers (node:internal/timers:523:7) {
  code: 'ER_NO_SUCH_TABLE',
  errno: 1146,
  sqlState: '42S02',
  sqlMessage: "Table 'test4_atc (3).courses_reg' doesn't exist",
  sql: '\n' +
    '        SELECT \n' +
    '          cr.id as course_reg_id,\n' +
    '          cr.student_id,\n' +
    '          cr.running_course_id,\n' +
    '          rc.start_time as course_start_time,\n' +
    '          rc.finish_time as course_finish_time,\n' +
    '          u.id as user_id,\n' +
    '          l.id as lead_id,\n' +
    '          t.id as ticket_id,\n' +
    '          lsp.platform_user_id,\n' +
    '          c.name as course_name\n' +
    '        FROM courses_reg cr\n' +
    '        JOIN users u ON cr.student_id = u.id\n' +
    '        JOIN running_courses rc ON cr.running_course_id = rc.id\n' +
    '        JOIN courses c ON rc.course_id = c.id\n' +
    '        JOIN crm_leads l ON u.id = l.user_id_fk\n' +
    '        JOIN crm_lead_social_profiles lsp ON l.id = lsp.crm_lead_id\n' +
    '        JOIN crm_tickets t ON l.id = t.crm_lead_id\n' +
    '        LEFT JOIN crm_sales_ticket_levels sl ON t.sales_level_id = sl.id\n' +
    '        WHERE cr.can_attend = 1\n' +
    "          AND (sl.code IS NULL OR sl.code = 'PRE_SALE')\n" +
    '          AND t.closed = 0\n' +
    '          AND t.running_program_id = cr.running_course_id\n' +
    '        LIMIT 20\n' +
    '    '
}
